This is pdfTeX, Version 3.14159265-2.6-1.40.16 (TeX Live 2015/Debian) (preloaded format=pdflatex 2018.10.12)  31 OCT 2018 23:52
entering extended mode
 restricted \write18 enabled.
 %&-line parsing enabled.
**hw2sol.tex
(./hw2sol.tex
LaTeX2e <2016/02/01>
Babel <3.9q> and hyphenation patterns for 81 language(s) loaded.
(/usr/share/texlive/texmf-dist/tex/latex/base/article.cls
Document Class: article 2014/09/29 v1.4h Standard LaTeX document class
(/usr/share/texlive/texmf-dist/tex/latex/base/size11.clo
File: size11.clo 2014/09/29 v1.4h Standard LaTeX file (size option)
)
\c@part=\count79
\c@section=\count80
\c@subsection=\count81
\c@subsubsection=\count82
\c@paragraph=\count83
\c@subparagraph=\count84
\c@figure=\count85
\c@table=\count86
\abovecaptionskip=\skip41
\belowcaptionskip=\skip42
\bibindent=\dimen102
) (./mlsubmit.sty
(./ml.sty (/usr/share/texlive/texmf-dist/tex/latex/preprint/fullpage.sty
Package: fullpage 1999/02/23 1.1 (PWD)
\FP@margin=\skip43
)
(/usr/share/texlive/texmf-dist/tex/latex/amsmath/amsmath.sty
Package: amsmath 2016/03/03 v2.15a AMS math features
\@mathmargin=\skip44

For additional information on amsmath, use the `?' option.
(/usr/share/texlive/texmf-dist/tex/latex/amsmath/amstext.sty
Package: amstext 2000/06/29 v2.01 AMS text

(/usr/share/texlive/texmf-dist/tex/latex/amsmath/amsgen.sty
File: amsgen.sty 1999/11/30 v2.0 generic functions
\@emptytoks=\toks14
\ex@=\dimen103
))
(/usr/share/texlive/texmf-dist/tex/latex/amsmath/amsbsy.sty
Package: amsbsy 1999/11/29 v1.2d Bold Symbols
\pmbraise@=\dimen104
)
(/usr/share/texlive/texmf-dist/tex/latex/amsmath/amsopn.sty
Package: amsopn 1999/12/14 v2.01 operator names
)
\inf@bad=\count87
LaTeX Info: Redefining \frac on input line 199.
\uproot@=\count88
\leftroot@=\count89
LaTeX Info: Redefining \overline on input line 297.
\classnum@=\count90
\DOTSCASE@=\count91
LaTeX Info: Redefining \ldots on input line 394.
LaTeX Info: Redefining \dots on input line 397.
LaTeX Info: Redefining \cdots on input line 518.
\Mathstrutbox@=\box26
\strutbox@=\box27
\big@size=\dimen105
LaTeX Font Info:    Redeclaring font encoding OML on input line 630.
LaTeX Font Info:    Redeclaring font encoding OMS on input line 631.
\macc@depth=\count92
\c@MaxMatrixCols=\count93
\dotsspace@=\muskip10
\c@parentequation=\count94
\dspbrk@lvl=\count95
\tag@help=\toks15
\row@=\count96
\column@=\count97
\maxfields@=\count98
\andhelp@=\toks16
\eqnshift@=\dimen106
\alignsep@=\dimen107
\tagshift@=\dimen108
\tagwidth@=\dimen109
\totwidth@=\dimen110
\lineht@=\dimen111
\@envbody=\toks17
\multlinegap=\skip45
\multlinetaggap=\skip46
\mathdisplay@stack=\toks18
LaTeX Info: Redefining \[ on input line 2735.
LaTeX Info: Redefining \] on input line 2736.
)
(/usr/share/texlive/texmf-dist/tex/latex/amscls/amsthm.sty
Package: amsthm 2015/03/04 v2.20.2
\thm@style=\toks19
\thm@bodyfont=\toks20
\thm@headfont=\toks21
\thm@notefont=\toks22
\thm@headpunct=\toks23
\thm@preskip=\skip47
\thm@postskip=\skip48
\thm@headsep=\skip49
\dth@everypar=\toks24
)
(/usr/share/texlive/texmf-dist/tex/latex/amsfonts/amssymb.sty
Package: amssymb 2013/01/14 v3.01 AMS font symbols

(/usr/share/texlive/texmf-dist/tex/latex/amsfonts/amsfonts.sty
Package: amsfonts 2013/01/14 v3.01 Basic AMSFonts support
\symAMSa=\mathgroup4
\symAMSb=\mathgroup5
LaTeX Font Info:    Overwriting math alphabet `\mathfrak' in version `bold'
(Font)                  U/euf/m/n --> U/euf/b/n on input line 106.
))
(/usr/share/texlive/texmf-dist/tex/latex/stmaryrd/stmaryrd.sty
Package: stmaryrd 1994/03/03 St Mary's Road symbol package
\symstmry=\mathgroup6
LaTeX Font Info:    Overwriting symbol font `stmry' in version `bold'
(Font)                  U/stmry/m/n --> U/stmry/b/n on input line 89.
)
(/usr/share/texlive/texmf-dist/tex/latex/algorithms/algorithmic.sty
Package: algorithmic 2009/08/24 v0.1 Document Style `algorithmic'

(/usr/share/texlive/texmf-dist/tex/latex/base/ifthen.sty
Package: ifthen 2014/09/29 v1.1c Standard LaTeX ifthen package (DPC)
)
(/usr/share/texlive/texmf-dist/tex/latex/graphics/keyval.sty
Package: keyval 2014/10/28 v1.15 key=value parser (DPC)
\KV@toks@=\toks25
)
\c@ALC@unique=\count99
\c@ALC@line=\count100
\c@ALC@rem=\count101
\c@ALC@depth=\count102
\ALC@tlm=\skip50
\algorithmicindent=\skip51
)
(/usr/share/texlive/texmf-dist/tex/latex/graphics/graphicx.sty
Package: graphicx 2014/10/28 v1.0g Enhanced LaTeX Graphics (DPC,SPQR)

(/usr/share/texlive/texmf-dist/tex/latex/graphics/graphics.sty
Package: graphics 2016/01/03 v1.0q Standard LaTeX Graphics (DPC,SPQR)

(/usr/share/texlive/texmf-dist/tex/latex/graphics/trig.sty
Package: trig 2016/01/03 v1.10 sin cos tan (DPC)
)
(/usr/share/texlive/texmf-dist/tex/latex/latexconfig/graphics.cfg
File: graphics.cfg 2010/04/23 v1.9 graphics configuration of TeX Live
)
Package graphics Info: Driver file: pdftex.def on input line 95.

(/usr/share/texlive/texmf-dist/tex/latex/pdftex-def/pdftex.def
File: pdftex.def 2011/05/27 v0.06d Graphics/color for pdfTeX

(/usr/share/texlive/texmf-dist/tex/generic/oberdiek/infwarerr.sty
Package: infwarerr 2010/04/08 v1.3 Providing info/warning/error messages (HO)
)
(/usr/share/texlive/texmf-dist/tex/generic/oberdiek/ltxcmds.sty
Package: ltxcmds 2011/11/09 v1.22 LaTeX kernel commands for general use (HO)
)
\Gread@gobject=\count103
))
\Gin@req@height=\dimen112
\Gin@req@width=\dimen113
)
(/usr/share/texlive/texmf-dist/tex/latex/titlesec/titlesec.sty
Package: titlesec 2016/03/15 v2.10.1 Sectioning titles
\ttl@box=\box28
\beforetitleunit=\skip52
\aftertitleunit=\skip53
\ttl@plus=\dimen114
\ttl@minus=\dimen115
\ttl@toksa=\toks26
\titlewidth=\dimen116
\titlewidthlast=\dimen117
\titlewidthfirst=\dimen118
)
(/usr/share/texlive/texmf-dist/tex/latex/hyperref/hyperref.sty
Package: hyperref 2012/11/06 v6.83m Hypertext links for LaTeX

(/usr/share/texlive/texmf-dist/tex/generic/oberdiek/hobsub-hyperref.sty
Package: hobsub-hyperref 2012/05/28 v1.13 Bundle oberdiek, subset hyperref (HO)


(/usr/share/texlive/texmf-dist/tex/generic/oberdiek/hobsub-generic.sty
Package: hobsub-generic 2012/05/28 v1.13 Bundle oberdiek, subset generic (HO)
Package: hobsub 2012/05/28 v1.13 Construct package bundles (HO)
Package hobsub Info: Skipping package `infwarerr' (already loaded).
Package hobsub Info: Skipping package `ltxcmds' (already loaded).
Package: ifluatex 2010/03/01 v1.3 Provides the ifluatex switch (HO)
Package ifluatex Info: LuaTeX not detected.
Package: ifvtex 2010/03/01 v1.5 Detect VTeX and its facilities (HO)
Package ifvtex Info: VTeX not detected.
Package: intcalc 2007/09/27 v1.1 Expandable calculations with integers (HO)
Package: ifpdf 2011/01/30 v2.3 Provides the ifpdf switch (HO)
Package ifpdf Info: pdfTeX in PDF mode is detected.
Package: etexcmds 2011/02/16 v1.5 Avoid name clashes with e-TeX commands (HO)
Package etexcmds Info: Could not find \expanded.
(etexcmds)             That can mean that you are not using pdfTeX 1.50 or
(etexcmds)             that some package has redefined \expanded.
(etexcmds)             In the latter case, load this package earlier.
Package: kvsetkeys 2012/04/25 v1.16 Key value parser (HO)
Package: kvdefinekeys 2011/04/07 v1.3 Define keys (HO)
Package: pdftexcmds 2011/11/29 v0.20 Utility functions of pdfTeX for LuaTeX (HO
)
Package pdftexcmds Info: LuaTeX not detected.
Package pdftexcmds Info: \pdf@primitive is available.
Package pdftexcmds Info: \pdf@ifprimitive is available.
Package pdftexcmds Info: \pdfdraftmode found.
Package: pdfescape 2011/11/25 v1.13 Implements pdfTeX's escape features (HO)
Package: bigintcalc 2012/04/08 v1.3 Expandable calculations on big integers (HO
)
Package: bitset 2011/01/30 v1.1 Handle bit-vector datatype (HO)
Package: uniquecounter 2011/01/30 v1.2 Provide unlimited unique counter (HO)
)
Package hobsub Info: Skipping package `hobsub' (already loaded).
Package: letltxmacro 2010/09/02 v1.4 Let assignment for LaTeX macros (HO)
Package: hopatch 2012/05/28 v1.2 Wrapper for package hooks (HO)
Package: xcolor-patch 2011/01/30 xcolor patch
Package: atveryend 2011/06/30 v1.8 Hooks at the very end of document (HO)
Package atveryend Info: \enddocument detected (standard20110627).
Package: atbegshi 2011/10/05 v1.16 At begin shipout hook (HO)
Package: refcount 2011/10/16 v3.4 Data extraction from label references (HO)
Package: hycolor 2011/01/30 v1.7 Color options for hyperref/bookmark (HO)
)
(/usr/share/texlive/texmf-dist/tex/generic/ifxetex/ifxetex.sty
Package: ifxetex 2010/09/12 v0.6 Provides ifxetex conditional
)
(/usr/share/texlive/texmf-dist/tex/latex/oberdiek/auxhook.sty
Package: auxhook 2011/03/04 v1.3 Hooks for auxiliary files (HO)
)
(/usr/share/texlive/texmf-dist/tex/latex/oberdiek/kvoptions.sty
Package: kvoptions 2011/06/30 v3.11 Key value format for package options (HO)
)
\@linkdim=\dimen119
\Hy@linkcounter=\count104
\Hy@pagecounter=\count105

(/usr/share/texlive/texmf-dist/tex/latex/hyperref/pd1enc.def
File: pd1enc.def 2012/11/06 v6.83m Hyperref: PDFDocEncoding definition (HO)
)
\Hy@SavedSpaceFactor=\count106

(/usr/share/texlive/texmf-dist/tex/latex/latexconfig/hyperref.cfg
File: hyperref.cfg 2002/06/06 v1.2 hyperref configuration of TeXLive
)
Package hyperref Info: Hyper figures OFF on input line 4443.
Package hyperref Info: Link nesting OFF on input line 4448.
Package hyperref Info: Hyper index ON on input line 4451.
Package hyperref Info: Plain pages OFF on input line 4458.
Package hyperref Info: Backreferencing OFF on input line 4463.
Package hyperref Info: Implicit mode ON; LaTeX internals redefined.
Package hyperref Info: Bookmarks ON on input line 4688.
\c@Hy@tempcnt=\count107

(/usr/share/texlive/texmf-dist/tex/latex/url/url.sty
\Urlmuskip=\muskip11
Package: url 2013/09/16  ver 3.4  Verb mode for urls, etc.
)
LaTeX Info: Redefining \url on input line 5041.
\XeTeXLinkMargin=\dimen120
\Fld@menulength=\count108
\Field@Width=\dimen121
\Fld@charsize=\dimen122
Package hyperref Info: Hyper figures OFF on input line 6295.
Package hyperref Info: Link nesting OFF on input line 6300.
Package hyperref Info: Hyper index ON on input line 6303.
Package hyperref Info: backreferencing OFF on input line 6310.
Package hyperref Info: Link coloring OFF on input line 6315.
Package hyperref Info: Link coloring with OCG OFF on input line 6320.
Package hyperref Info: PDF/A mode OFF on input line 6325.
LaTeX Info: Redefining \ref on input line 6365.
LaTeX Info: Redefining \pageref on input line 6369.
\Hy@abspage=\count109
\c@Item=\count110
\c@Hfootnote=\count111
)

Package hyperref Message: Driver (autodetected): hpdftex.

(/usr/share/texlive/texmf-dist/tex/latex/hyperref/hpdftex.def
File: hpdftex.def 2012/11/06 v6.83m Hyperref driver for pdfTeX
\Fld@listcount=\count112
\c@bookmark@seq@number=\count113

(/usr/share/texlive/texmf-dist/tex/latex/oberdiek/rerunfilecheck.sty
Package: rerunfilecheck 2011/04/15 v1.7 Rerun checks for auxiliary files (HO)
Package uniquecounter Info: New unique counter `rerunfilecheck' on input line 2
82.
)
\Hy@SectionHShift=\skip54
)
(/usr/share/texlive/texmf-dist/tex/latex/tools/xspace.sty
Package: xspace 2014/10/28 v1.13 Space after command names (DPC,MH)
)
(/usr/share/texlive/texmf-dist/tex/latex/natbib/natbib.sty
Package: natbib 2010/09/13 8.31b (PWD, AO)
\bibhang=\skip55
\bibsep=\skip56
LaTeX Info: Redefining \cite on input line 694.
\c@NAT@ctr=\count114
)
(/usr/share/texlive/texmf-dist/tex/latex/framed/framed.sty
Package: framed 2011/10/22 v 0.96: framed or shaded text with page breaks
\OuterFrameSep=\skip57
\fb@frw=\dimen123
\fb@frh=\dimen124
\FrameRule=\dimen125
\FrameSep=\dimen126
)
(/usr/share/texlive/texmf-dist/tex/latex/float/float.sty
Package: float 2001/11/08 v1.3d Float enhancements (AL)
\c@float@type=\count115
\float@exts=\toks27
\float@box=\box29
\@float@everytoks=\toks28
\@floatcapt=\box30
)
(/usr/share/texlive/texmf-dist/tex/latex/colortbl/colortbl.sty
Package: colortbl 2012/02/13 v1.0a Color table columns (DPC)

(/usr/share/texlive/texmf-dist/tex/latex/tools/array.sty
Package: array 2014/10/28 v2.4c Tabular extension package (FMi)
\col@sep=\dimen127
\extrarowheight=\dimen128
\NC@list=\toks29
\extratabsurround=\skip58
\backup@length=\skip59
)
(/usr/share/texlive/texmf-dist/tex/latex/graphics/color.sty
Package: color 2016/01/03 v1.1b Standard LaTeX Color (DPC)

(/usr/share/texlive/texmf-dist/tex/latex/latexconfig/color.cfg
File: color.cfg 2007/01/18 v1.5 color configuration of teTeX/TeXLive
)
Package color Info: Driver file: pdftex.def on input line 143.
)
\everycr=\toks30
\minrowclearance=\skip60
)
\c@mlseries=\count116
\c@mlalgorithm=\count117
\c@theorem=\count118
\c@remark=\count119
\c@definition=\count120
\c@example=\count121
\c@exercise=\count122
\@float@every@mlalgo=\toks31
\c@mlalgo=\count123
)
\c@mlanswer=\count124
)
(/usr/share/texlive/texmf-dist/tex/latex/caption/subcaption.sty
Package: subcaption 2016/02/20 v1.1-142 Sub-captions (AR)

(/usr/share/texlive/texmf-dist/tex/latex/caption/caption.sty
Package: caption 2016/02/21 v3.3-144 Customizing captions (AR)

(/usr/share/texlive/texmf-dist/tex/latex/caption/caption3.sty
Package: caption3 2016/02/04 v1.7-139 caption3 kernel (AR)
Package caption3 Info: TeX engine: e-TeX on input line 67.
\captionmargin=\dimen129
\captionmargin@=\dimen130
\captionwidth=\dimen131
\caption@tempdima=\dimen132
\caption@indent=\dimen133
\caption@parindent=\dimen134
\caption@hangindent=\dimen135
)
\c@ContinuedFloat=\count125
Package caption Info: float package is loaded.
Package caption Info: hyperref package is loaded.
)
\c@subfigure=\count126
\c@subtable=\count127
) (./hw2sol.aux)
\openout1 = `hw2sol.aux'.

LaTeX Font Info:    Checking defaults for OML/cmm/m/it on input line 5.
LaTeX Font Info:    ... okay on input line 5.
LaTeX Font Info:    Checking defaults for T1/cmr/m/n on input line 5.
LaTeX Font Info:    ... okay on input line 5.
LaTeX Font Info:    Checking defaults for OT1/cmr/m/n on input line 5.
LaTeX Font Info:    ... okay on input line 5.
LaTeX Font Info:    Checking defaults for OMS/cmsy/m/n on input line 5.
LaTeX Font Info:    ... okay on input line 5.
LaTeX Font Info:    Checking defaults for OMX/cmex/m/n on input line 5.
LaTeX Font Info:    ... okay on input line 5.
LaTeX Font Info:    Checking defaults for U/cmr/m/n on input line 5.
LaTeX Font Info:    ... okay on input line 5.
LaTeX Font Info:    Checking defaults for PD1/pdf/m/n on input line 5.
LaTeX Font Info:    ... okay on input line 5.
(/usr/share/texlive/texmf-dist/tex/context/base/supp-pdf.mkii
[Loading MPS to PDF converter (version 2006.09.02).]
\scratchcounter=\count128
\scratchdimen=\dimen136
\scratchbox=\box31
\nofMPsegments=\count129
\nofMParguments=\count130
\everyMPshowfont=\toks32
\MPscratchCnt=\count131
\MPscratchDim=\dimen137
\MPnumerator=\count132
\makeMPintoPDFobject=\count133
\everyMPtoPDFconversion=\toks33
) (/usr/share/texlive/texmf-dist/tex/latex/oberdiek/epstopdf-base.sty
Package: epstopdf-base 2010/02/09 v2.5 Base part for package epstopdf

(/usr/share/texlive/texmf-dist/tex/latex/oberdiek/grfext.sty
Package: grfext 2010/08/19 v1.1 Manage graphics extensions (HO)
)
Package grfext Info: Graphics extension search list:
(grfext)             [.png,.pdf,.jpg,.mps,.jpeg,.jbig2,.jb2,.PNG,.PDF,.JPG,.JPE
G,.JBIG2,.JB2,.eps]
(grfext)             \AppendGraphicsExtensions on input line 452.

(/usr/share/texlive/texmf-dist/tex/latex/latexconfig/epstopdf-sys.cfg
File: epstopdf-sys.cfg 2010/07/13 v1.3 Configuration of (r)epstopdf for TeX Liv
e
))
\AtBeginShipoutBox=\box32
Package hyperref Info: Link coloring OFF on input line 5.

(/usr/share/texlive/texmf-dist/tex/latex/hyperref/nameref.sty
Package: nameref 2012/10/27 v2.43 Cross-referencing by name of section

(/usr/share/texlive/texmf-dist/tex/generic/oberdiek/gettitlestring.sty
Package: gettitlestring 2010/12/03 v1.4 Cleanup title references (HO)
)
\c@section@level=\count134
)
LaTeX Info: Redefining \ref on input line 5.
LaTeX Info: Redefining \pageref on input line 5.
LaTeX Info: Redefining \nameref on input line 5.

(./hw2sol.out) (./hw2sol.out)
\@outlinefile=\write3
\openout3 = `hw2sol.out'.

Package caption Info: Begin \AtBeginDocument code.
Package caption Info: End \AtBeginDocument code.
LaTeX Font Info:    Try loading font information for U+msa on input line 11.

(/usr/share/texlive/texmf-dist/tex/latex/amsfonts/umsa.fd
File: umsa.fd 2013/01/14 v3.01 AMS symbols A
)
LaTeX Font Info:    Try loading font information for U+msb on input line 11.

(/usr/share/texlive/texmf-dist/tex/latex/amsfonts/umsb.fd
File: umsb.fd 2013/01/14 v3.01 AMS symbols B
)
LaTeX Font Info:    Try loading font information for U+stmry on input line 11.

(/usr/share/texlive/texmf-dist/tex/latex/stmaryrd/Ustmry.fd) [1

{/var/lib/texmf/fonts/map/pdftex/updmap/pdftex.map}] [2

] [3

] [4] [5

] [6]
<illustrate_p5.png, id=178, 555.07375pt x 442.65375pt>
File: illustrate_p5.png Graphic file (type png)
 <use illustrate_p5.png>
Package pdftex.def Info: illustrate_p5.png used on input line 276.
(pdftex.def)             Requested size: 201.1541pt x 160.41565pt.

[7

 <./illustrate_p5.png>] [8] [9] [10]

Package caption Warning: \label without proper reference on input line 451.
See the caption package documentation for explanation.


LaTeX Warning: Reference `tab-1a' on page 11 undefined on input line 397.

<images/krr_0.png, id=224, 946.0143pt x 513.117pt>
File: images/krr_0.png Graphic file (type png)
 <use images/krr_0.png>
Package pdftex.def Info: images/krr_0.png used on input line 402.
(pdftex.def)             Requested size: 407.67178pt x 221.12144pt.

Overfull \hbox (181.18784pt too wide) in paragraph at lines 402--403
 [][] 
 []

<images/krr_1.png, id=225, 946.0143pt x 513.117pt>
File: images/krr_1.png Graphic file (type png)
 <use images/krr_1.png>
Package pdftex.def Info: images/krr_1.png used on input line 409.
(pdftex.def)             Requested size: 407.67178pt x 221.12144pt.

Overfull \hbox (181.18784pt too wide) in paragraph at lines 409--410
 [][] 
 []

<images/krr_10.png, id=226, 946.0143pt x 513.117pt>
File: images/krr_10.png Graphic file (type png)
 <use images/krr_10.png>
Package pdftex.def Info: images/krr_10.png used on input line 419.
(pdftex.def)             Requested size: 407.67178pt x 221.12144pt.

Overfull \hbox (181.18784pt too wide) in paragraph at lines 419--420
 [][] 
 []

<images/krr_100.png, id=227, 946.0143pt x 513.117pt>
File: images/krr_100.png Graphic file (type png)
 <use images/krr_100.png>
Package pdftex.def Info: images/krr_100.png used on input line 426.
(pdftex.def)             Requested size: 407.67178pt x 221.12144pt.

Overfull \hbox (181.18784pt too wide) in paragraph at lines 426--427
 [][] 
 []


Package caption Warning: \label without proper reference on input line 498.
See the caption package documentation for explanation.


LaTeX Warning: Reference `tab-2a' on page 11 undefined on input line 457.

<images/lrr_L2.png, id=234, 946.0143pt x 513.117pt>
File: images/lrr_L2.png Graphic file (type png)
 <use images/lrr_L2.png>
Package pdftex.def Info: images/lrr_L2.png used on input line 461.
(pdftex.def)             Requested size: 407.67178pt x 221.12144pt.

Overfull \hbox (181.18784pt too wide) in paragraph at lines 461--462
 [][] 
 []

<images/lrr_L5.png, id=235, 946.0143pt x 513.117pt>
File: images/lrr_L5.png Graphic file (type png)
 <use images/lrr_L5.png>
Package pdftex.def Info: images/lrr_L5.png used on input line 468.
(pdftex.def)             Requested size: 407.67178pt x 221.12144pt.

Overfull \hbox (181.18784pt too wide) in paragraph at lines 468--469
 [][] 
 []

<images/lrr_L20.png, id=236, 946.0143pt x 513.117pt>
File: images/lrr_L20.png Graphic file (type png)
 <use images/lrr_L20.png>
Package pdftex.def Info: images/lrr_L20.png used on input line 477.
(pdftex.def)             Requested size: 407.67178pt x 221.12144pt.

Overfull \hbox (181.18784pt too wide) in paragraph at lines 477--478
 [][] 
 []

<images/lrr_L50.png, id=237, 946.0143pt x 513.117pt>
File: images/lrr_L50.png Graphic file (type png)
 <use images/lrr_L50.png>
Package pdftex.def Info: images/lrr_L50.png used on input line 484.
(pdftex.def)             Requested size: 407.67178pt x 221.12144pt.

Overfull \hbox (181.18784pt too wide) in paragraph at lines 484--485
 [][] 
 []

<images/lrr_L100.png, id=238, 946.0143pt x 513.117pt>
File: images/lrr_L100.png Graphic file (type png)

<use images/lrr_L100.png>
Package pdftex.def Info: images/lrr_L100.png used on input line 491.
(pdftex.def)             Requested size: 407.67178pt x 221.12144pt.

Overfull \hbox (181.18784pt too wide) in paragraph at lines 491--492
 [][] 
 []


LaTeX Warning: Float too large for page by 48.85747pt on input line 495.

<images/original_space.png, id=240, 946.0143pt x 513.117pt>
File: images/original_space.png Graphic file (type png)

<use images/original_space.png>
Package pdftex.def Info: images/original_space.png used on input line 533.
(pdftex.def)             Requested size: 407.67178pt x 221.12144pt.

Overfull \hbox (181.18784pt too wide) in paragraph at lines 533--534
 [][] 
 []

[11

] [12 <./images/krr_0.png> <./images/krr_1.png>] [13 <./images/krr_10.png> <./i
mages/krr_100.png>] [14 <./images/lrr_L2.png> <./images/lrr_L5.png>]
[15 <./images/lrr_L20.png> <./images/lrr_L50.png> <./images/lrr_L100.png>]
<images/l_random1.png, id=278, 946.0143pt x 513.117pt>
File: images/l_random1.png Graphic file (type png)

<use images/l_random1.png>
Package pdftex.def Info: images/l_random1.png used on input line 547.
(pdftex.def)             Requested size: 249.13371pt x 135.12976pt.

Overfull \hbox (22.64977pt too wide) in paragraph at lines 547--548
 [][] 
 []

<images/l_random2.png, id=279, 946.0143pt x 513.117pt>
File: images/l_random2.png Graphic file (type png)

<use images/l_random2.png>
Package pdftex.def Info: images/l_random2.png used on input line 553.
(pdftex.def)             Requested size: 249.13371pt x 135.12976pt.

Overfull \hbox (22.64977pt too wide) in paragraph at lines 553--554
 [][] 
 []

<images/l_random3.png, id=280, 946.0143pt x 513.117pt>
File: images/l_random3.png Graphic file (type png)

<use images/l_random3.png>
Package pdftex.def Info: images/l_random3.png used on input line 560.
(pdftex.def)             Requested size: 249.13371pt x 135.12976pt.

Overfull \hbox (22.64977pt too wide) in paragraph at lines 560--561
 [][] 
 []

<images/l_random4.png, id=281, 946.0143pt x 513.117pt>
File: images/l_random4.png Graphic file (type png)

<use images/l_random4.png>
Package pdftex.def Info: images/l_random4.png used on input line 566.
(pdftex.def)             Requested size: 249.13371pt x 135.12976pt.

Overfull \hbox (22.64977pt too wide) in paragraph at lines 566--567
 [][] 
 []

<images/l_random5.png, id=282, 946.0143pt x 513.117pt>
File: images/l_random5.png Graphic file (type png)

<use images/l_random5.png>
Package pdftex.def Info: images/l_random5.png used on input line 573.
(pdftex.def)             Requested size: 249.13371pt x 135.12976pt.

Overfull \hbox (22.64977pt too wide) in paragraph at lines 573--574
 [][] 
 []

<images/l_random6.png, id=283, 946.0143pt x 513.117pt>
File: images/l_random6.png Graphic file (type png)

<use images/l_random6.png>
Package pdftex.def Info: images/l_random6.png used on input line 579.
(pdftex.def)             Requested size: 249.13371pt x 135.12976pt.

Overfull \hbox (22.64977pt too wide) in paragraph at lines 579--580
 [][] 
 []

<images/l_random7.png, id=284, 946.0143pt x 513.117pt>
File: images/l_random7.png Graphic file (type png)

<use images/l_random7.png>
Package pdftex.def Info: images/l_random7.png used on input line 586.
(pdftex.def)             Requested size: 249.13371pt x 135.12976pt.

Overfull \hbox (22.64977pt too wide) in paragraph at lines 586--587
 [][] 
 []

<images/l_random8.png, id=285, 946.0143pt x 513.117pt>
File: images/l_random8.png Graphic file (type png)

<use images/l_random8.png>
Package pdftex.def Info: images/l_random8.png used on input line 592.
(pdftex.def)             Requested size: 249.13371pt x 135.12976pt.

Overfull \hbox (22.64977pt too wide) in paragraph at lines 592--593
 [][] 
 []

<images/l_random9.png, id=286, 946.0143pt x 513.117pt>
File: images/l_random9.png Graphic file (type png)

<use images/l_random9.png>
Package pdftex.def Info: images/l_random9.png used on input line 599.
(pdftex.def)             Requested size: 249.13371pt x 135.12976pt.

Overfull \hbox (22.64977pt too wide) in paragraph at lines 599--600
 [][] 
 []

<images/l_random10.png, id=287, 946.0143pt x 513.117pt>
File: images/l_random10.png Graphic file (type png)

<use images/l_random10.png>
Package pdftex.def Info: images/l_random10.png used on input line 605.
(pdftex.def)             Requested size: 249.13371pt x 135.12976pt.

Overfull \hbox (22.64977pt too wide) in paragraph at lines 605--606
 [][] 
 []


Overfull \hbox (2.43333pt too wide) in paragraph at lines 545--609
[]$[]$ $[]$ 
 []


Overfull \hbox (2.43333pt too wide) in paragraph at lines 545--609
[]$ $[]$ 
 []


Overfull \hbox (2.43333pt too wide) in paragraph at lines 545--609
[]$ $[]$ 
 []


Overfull \hbox (2.43333pt too wide) in paragraph at lines 545--609
[]$ $[]$ 
 []


Overfull \hbox (2.43333pt too wide) in paragraph at lines 545--609
[]$ $[]$ 
 []


LaTeX Warning: Float too large for page by 99.14194pt on input line 609.

[16 <./images/original_space.png>] [17 <./images/l_random1.png> <./images/l_ran
dom2.png> <./images/l_random3.png> <./images/l_random4.png> <./images/l_random5
.png> <./images/l_random6.png> <./images/l_random7.png> <./images/l_random8.png
> <./images/l_random9.png> <./images/l_random10.png>]
Package atveryend Info: Empty hook `BeforeClearDocument' on input line 613.
Package atveryend Info: Empty hook `AfterLastShipout' on input line 613.
 (./hw2sol.aux)
Package atveryend Info: Executing hook `AtVeryEndDocument' on input line 613.
Package atveryend Info: Executing hook `AtEndAfterFileList' on input line 613.
Package rerunfilecheck Info: File `hw2sol.out' has not changed.
(rerunfilecheck)             Checksum: C467191131A3E797DEDA16A09EBA7256;1794.


LaTeX Warning: There were undefined references.

Package atveryend Info: Empty hook `AtVeryVeryEnd' on input line 613.
 ) 
Here is how much of TeX's memory you used:
 8880 strings out of 493029
 126425 string characters out of 6136233
 226645 words of memory out of 5000000
 12182 multiletter control sequences out of 15000+600000
 12677 words of font info for 47 fonts, out of 8000000 for 9000
 1141 hyphenation exceptions out of 8191
 48i,11n,40p,784b,590s stack positions out of 5000i,500n,10000p,200000b,80000s
</usr/share/texlive/texmf-dist/fonts/type1/public/amsfonts/cm/cmbx10.pfb></us
r/share/texlive/texmf-dist/fonts/type1/public/amsfonts/cm/cmbx8.pfb></usr/share
/texlive/texmf-dist/fonts/type1/public/amsfonts/cm/cmex10.pfb></usr/share/texli
ve/texmf-dist/fonts/type1/public/amsfonts/cm/cmmi10.pfb></usr/share/texlive/tex
mf-dist/fonts/type1/public/amsfonts/cm/cmmi6.pfb></usr/share/texlive/texmf-dist
/fonts/type1/public/amsfonts/cm/cmmi8.pfb></usr/share/texlive/texmf-dist/fonts/
type1/public/amsfonts/cm/cmr10.pfb></usr/share/texlive/texmf-dist/fonts/type1/p
ublic/amsfonts/cm/cmr6.pfb></usr/share/texlive/texmf-dist/fonts/type1/public/am
sfonts/cm/cmr8.pfb></usr/share/texlive/texmf-dist/fonts/type1/public/amsfonts/c
m/cmss10.pfb></usr/share/texlive/texmf-dist/fonts/type1/public/amsfonts/cm/cmss
bx10.pfb></usr/share/texlive/texmf-dist/fonts/type1/public/amsfonts/cm/cmsy10.p
fb></usr/share/texlive/texmf-dist/fonts/type1/public/amsfonts/cm/cmsy6.pfb></us
r/share/texlive/texmf-dist/fonts/type1/public/amsfonts/cm/cmsy8.pfb></usr/share
/texlive/texmf-dist/fonts/type1/public/amsfonts/cm/cmti10.pfb></usr/share/texli
ve/texmf-dist/fonts/type1/public/amsfonts/symbols/msam10.pfb></usr/share/texliv
e/texmf-dist/fonts/type1/public/amsfonts/symbols/msbm10.pfb>
Output written on hw2sol.pdf (17 pages, 1053622 bytes).
PDF statistics:
 386 PDF objects out of 1000 (max. 8388607)
 304 compressed objects within 4 object streams
 89 named destinations out of 1000 (max. 500000)
 298 words of extra memory for PDF output out of 10000 (max. 10000000)

