This is pdfTeX, Version 3.14159265-2.6-1.40.16 (TeX Live 2015/Debian) (preloaded format=pdflatex 2018.10.12)  17 NOV 2018 12:02
entering extended mode
 restricted \write18 enabled.
 %&-line parsing enabled.
**hw4sol.tex
(./hw4sol.tex
LaTeX2e <2016/02/01>
Babel <3.9q> and hyphenation patterns for 81 language(s) loaded.
(/usr/share/texlive/texmf-dist/tex/latex/base/article.cls
Document Class: article 2014/09/29 v1.4h Standard LaTeX document class
(/usr/share/texlive/texmf-dist/tex/latex/base/size11.clo
File: size11.clo 2014/09/29 v1.4h Standard LaTeX file (size option)
)
\c@part=\count79
\c@section=\count80
\c@subsection=\count81
\c@subsubsection=\count82
\c@paragraph=\count83
\c@subparagraph=\count84
\c@figure=\count85
\c@table=\count86
\abovecaptionskip=\skip41
\belowcaptionskip=\skip42
\bibindent=\dimen102
) (./mlsubmit.sty
(./ml.sty (/usr/share/texlive/texmf-dist/tex/latex/preprint/fullpage.sty
Package: fullpage 1999/02/23 1.1 (PWD)
\FP@margin=\skip43
)
(/usr/share/texlive/texmf-dist/tex/latex/amsmath/amsmath.sty
Package: amsmath 2016/03/03 v2.15a AMS math features
\@mathmargin=\skip44

For additional information on amsmath, use the `?' option.
(/usr/share/texlive/texmf-dist/tex/latex/amsmath/amstext.sty
Package: amstext 2000/06/29 v2.01 AMS text

(/usr/share/texlive/texmf-dist/tex/latex/amsmath/amsgen.sty
File: amsgen.sty 1999/11/30 v2.0 generic functions
\@emptytoks=\toks14
\ex@=\dimen103
))
(/usr/share/texlive/texmf-dist/tex/latex/amsmath/amsbsy.sty
Package: amsbsy 1999/11/29 v1.2d Bold Symbols
\pmbraise@=\dimen104
)
(/usr/share/texlive/texmf-dist/tex/latex/amsmath/amsopn.sty
Package: amsopn 1999/12/14 v2.01 operator names
)
\inf@bad=\count87
LaTeX Info: Redefining \frac on input line 199.
\uproot@=\count88
\leftroot@=\count89
LaTeX Info: Redefining \overline on input line 297.
\classnum@=\count90
\DOTSCASE@=\count91
LaTeX Info: Redefining \ldots on input line 394.
LaTeX Info: Redefining \dots on input line 397.
LaTeX Info: Redefining \cdots on input line 518.
\Mathstrutbox@=\box26
\strutbox@=\box27
\big@size=\dimen105
LaTeX Font Info:    Redeclaring font encoding OML on input line 630.
LaTeX Font Info:    Redeclaring font encoding OMS on input line 631.
\macc@depth=\count92
\c@MaxMatrixCols=\count93
\dotsspace@=\muskip10
\c@parentequation=\count94
\dspbrk@lvl=\count95
\tag@help=\toks15
\row@=\count96
\column@=\count97
\maxfields@=\count98
\andhelp@=\toks16
\eqnshift@=\dimen106
\alignsep@=\dimen107
\tagshift@=\dimen108
\tagwidth@=\dimen109
\totwidth@=\dimen110
\lineht@=\dimen111
\@envbody=\toks17
\multlinegap=\skip45
\multlinetaggap=\skip46
\mathdisplay@stack=\toks18
LaTeX Info: Redefining \[ on input line 2735.
LaTeX Info: Redefining \] on input line 2736.
)
(/usr/share/texlive/texmf-dist/tex/latex/amscls/amsthm.sty
Package: amsthm 2015/03/04 v2.20.2
\thm@style=\toks19
\thm@bodyfont=\toks20
\thm@headfont=\toks21
\thm@notefont=\toks22
\thm@headpunct=\toks23
\thm@preskip=\skip47
\thm@postskip=\skip48
\thm@headsep=\skip49
\dth@everypar=\toks24
)
(/usr/share/texlive/texmf-dist/tex/latex/amsfonts/amssymb.sty
Package: amssymb 2013/01/14 v3.01 AMS font symbols

(/usr/share/texlive/texmf-dist/tex/latex/amsfonts/amsfonts.sty
Package: amsfonts 2013/01/14 v3.01 Basic AMSFonts support
\symAMSa=\mathgroup4
\symAMSb=\mathgroup5
LaTeX Font Info:    Overwriting math alphabet `\mathfrak' in version `bold'
(Font)                  U/euf/m/n --> U/euf/b/n on input line 106.
))
(/usr/share/texlive/texmf-dist/tex/latex/stmaryrd/stmaryrd.sty
Package: stmaryrd 1994/03/03 St Mary's Road symbol package
\symstmry=\mathgroup6
LaTeX Font Info:    Overwriting symbol font `stmry' in version `bold'
(Font)                  U/stmry/m/n --> U/stmry/b/n on input line 89.
)
(/usr/share/texlive/texmf-dist/tex/latex/algorithms/algorithmic.sty
Package: algorithmic 2009/08/24 v0.1 Document Style `algorithmic'

(/usr/share/texlive/texmf-dist/tex/latex/base/ifthen.sty
Package: ifthen 2014/09/29 v1.1c Standard LaTeX ifthen package (DPC)
)
(/usr/share/texlive/texmf-dist/tex/latex/graphics/keyval.sty
Package: keyval 2014/10/28 v1.15 key=value parser (DPC)
\KV@toks@=\toks25
)
\c@ALC@unique=\count99
\c@ALC@line=\count100
\c@ALC@rem=\count101
\c@ALC@depth=\count102
\ALC@tlm=\skip50
\algorithmicindent=\skip51
)
(/usr/share/texlive/texmf-dist/tex/latex/graphics/graphicx.sty
Package: graphicx 2014/10/28 v1.0g Enhanced LaTeX Graphics (DPC,SPQR)

(/usr/share/texlive/texmf-dist/tex/latex/graphics/graphics.sty
Package: graphics 2016/01/03 v1.0q Standard LaTeX Graphics (DPC,SPQR)

(/usr/share/texlive/texmf-dist/tex/latex/graphics/trig.sty
Package: trig 2016/01/03 v1.10 sin cos tan (DPC)
)
(/usr/share/texlive/texmf-dist/tex/latex/latexconfig/graphics.cfg
File: graphics.cfg 2010/04/23 v1.9 graphics configuration of TeX Live
)
Package graphics Info: Driver file: pdftex.def on input line 95.

(/usr/share/texlive/texmf-dist/tex/latex/pdftex-def/pdftex.def
File: pdftex.def 2011/05/27 v0.06d Graphics/color for pdfTeX

(/usr/share/texlive/texmf-dist/tex/generic/oberdiek/infwarerr.sty
Package: infwarerr 2010/04/08 v1.3 Providing info/warning/error messages (HO)
)
(/usr/share/texlive/texmf-dist/tex/generic/oberdiek/ltxcmds.sty
Package: ltxcmds 2011/11/09 v1.22 LaTeX kernel commands for general use (HO)
)
\Gread@gobject=\count103
))
\Gin@req@height=\dimen112
\Gin@req@width=\dimen113
)
(/usr/share/texlive/texmf-dist/tex/latex/titlesec/titlesec.sty
Package: titlesec 2016/03/15 v2.10.1 Sectioning titles
\ttl@box=\box28
\beforetitleunit=\skip52
\aftertitleunit=\skip53
\ttl@plus=\dimen114
\ttl@minus=\dimen115
\ttl@toksa=\toks26
\titlewidth=\dimen116
\titlewidthlast=\dimen117
\titlewidthfirst=\dimen118
)
(/usr/share/texlive/texmf-dist/tex/latex/hyperref/hyperref.sty
Package: hyperref 2012/11/06 v6.83m Hypertext links for LaTeX

(/usr/share/texlive/texmf-dist/tex/generic/oberdiek/hobsub-hyperref.sty
Package: hobsub-hyperref 2012/05/28 v1.13 Bundle oberdiek, subset hyperref (HO)


(/usr/share/texlive/texmf-dist/tex/generic/oberdiek/hobsub-generic.sty
Package: hobsub-generic 2012/05/28 v1.13 Bundle oberdiek, subset generic (HO)
Package: hobsub 2012/05/28 v1.13 Construct package bundles (HO)
Package hobsub Info: Skipping package `infwarerr' (already loaded).
Package hobsub Info: Skipping package `ltxcmds' (already loaded).
Package: ifluatex 2010/03/01 v1.3 Provides the ifluatex switch (HO)
Package ifluatex Info: LuaTeX not detected.
Package: ifvtex 2010/03/01 v1.5 Detect VTeX and its facilities (HO)
Package ifvtex Info: VTeX not detected.
Package: intcalc 2007/09/27 v1.1 Expandable calculations with integers (HO)
Package: ifpdf 2011/01/30 v2.3 Provides the ifpdf switch (HO)
Package ifpdf Info: pdfTeX in PDF mode is detected.
Package: etexcmds 2011/02/16 v1.5 Avoid name clashes with e-TeX commands (HO)
Package etexcmds Info: Could not find \expanded.
(etexcmds)             That can mean that you are not using pdfTeX 1.50 or
(etexcmds)             that some package has redefined \expanded.
(etexcmds)             In the latter case, load this package earlier.
Package: kvsetkeys 2012/04/25 v1.16 Key value parser (HO)
Package: kvdefinekeys 2011/04/07 v1.3 Define keys (HO)
Package: pdftexcmds 2011/11/29 v0.20 Utility functions of pdfTeX for LuaTeX (HO
)
Package pdftexcmds Info: LuaTeX not detected.
Package pdftexcmds Info: \pdf@primitive is available.
Package pdftexcmds Info: \pdf@ifprimitive is available.
Package pdftexcmds Info: \pdfdraftmode found.
Package: pdfescape 2011/11/25 v1.13 Implements pdfTeX's escape features (HO)
Package: bigintcalc 2012/04/08 v1.3 Expandable calculations on big integers (HO
)
Package: bitset 2011/01/30 v1.1 Handle bit-vector datatype (HO)
Package: uniquecounter 2011/01/30 v1.2 Provide unlimited unique counter (HO)
)
Package hobsub Info: Skipping package `hobsub' (already loaded).
Package: letltxmacro 2010/09/02 v1.4 Let assignment for LaTeX macros (HO)
Package: hopatch 2012/05/28 v1.2 Wrapper for package hooks (HO)
Package: xcolor-patch 2011/01/30 xcolor patch
Package: atveryend 2011/06/30 v1.8 Hooks at the very end of document (HO)
Package atveryend Info: \enddocument detected (standard20110627).
Package: atbegshi 2011/10/05 v1.16 At begin shipout hook (HO)
Package: refcount 2011/10/16 v3.4 Data extraction from label references (HO)
Package: hycolor 2011/01/30 v1.7 Color options for hyperref/bookmark (HO)
)
(/usr/share/texlive/texmf-dist/tex/generic/ifxetex/ifxetex.sty
Package: ifxetex 2010/09/12 v0.6 Provides ifxetex conditional
)
(/usr/share/texlive/texmf-dist/tex/latex/oberdiek/auxhook.sty
Package: auxhook 2011/03/04 v1.3 Hooks for auxiliary files (HO)
)
(/usr/share/texlive/texmf-dist/tex/latex/oberdiek/kvoptions.sty
Package: kvoptions 2011/06/30 v3.11 Key value format for package options (HO)
)
\@linkdim=\dimen119
\Hy@linkcounter=\count104
\Hy@pagecounter=\count105

(/usr/share/texlive/texmf-dist/tex/latex/hyperref/pd1enc.def
File: pd1enc.def 2012/11/06 v6.83m Hyperref: PDFDocEncoding definition (HO)
)
\Hy@SavedSpaceFactor=\count106

(/usr/share/texlive/texmf-dist/tex/latex/latexconfig/hyperref.cfg
File: hyperref.cfg 2002/06/06 v1.2 hyperref configuration of TeXLive
)
Package hyperref Info: Hyper figures OFF on input line 4443.
Package hyperref Info: Link nesting OFF on input line 4448.
Package hyperref Info: Hyper index ON on input line 4451.
Package hyperref Info: Plain pages OFF on input line 4458.
Package hyperref Info: Backreferencing OFF on input line 4463.
Package hyperref Info: Implicit mode ON; LaTeX internals redefined.
Package hyperref Info: Bookmarks ON on input line 4688.
\c@Hy@tempcnt=\count107

(/usr/share/texlive/texmf-dist/tex/latex/url/url.sty
\Urlmuskip=\muskip11
Package: url 2013/09/16  ver 3.4  Verb mode for urls, etc.
)
LaTeX Info: Redefining \url on input line 5041.
\XeTeXLinkMargin=\dimen120
\Fld@menulength=\count108
\Field@Width=\dimen121
\Fld@charsize=\dimen122
Package hyperref Info: Hyper figures OFF on input line 6295.
Package hyperref Info: Link nesting OFF on input line 6300.
Package hyperref Info: Hyper index ON on input line 6303.
Package hyperref Info: backreferencing OFF on input line 6310.
Package hyperref Info: Link coloring OFF on input line 6315.
Package hyperref Info: Link coloring with OCG OFF on input line 6320.
Package hyperref Info: PDF/A mode OFF on input line 6325.
LaTeX Info: Redefining \ref on input line 6365.
LaTeX Info: Redefining \pageref on input line 6369.
\Hy@abspage=\count109
\c@Item=\count110
\c@Hfootnote=\count111
)

Package hyperref Message: Driver (autodetected): hpdftex.

(/usr/share/texlive/texmf-dist/tex/latex/hyperref/hpdftex.def
File: hpdftex.def 2012/11/06 v6.83m Hyperref driver for pdfTeX
\Fld@listcount=\count112
\c@bookmark@seq@number=\count113

(/usr/share/texlive/texmf-dist/tex/latex/oberdiek/rerunfilecheck.sty
Package: rerunfilecheck 2011/04/15 v1.7 Rerun checks for auxiliary files (HO)
Package uniquecounter Info: New unique counter `rerunfilecheck' on input line 2
82.
)
\Hy@SectionHShift=\skip54
)
(/usr/share/texlive/texmf-dist/tex/latex/tools/xspace.sty
Package: xspace 2014/10/28 v1.13 Space after command names (DPC,MH)
)
(/usr/share/texlive/texmf-dist/tex/latex/natbib/natbib.sty
Package: natbib 2010/09/13 8.31b (PWD, AO)
\bibhang=\skip55
\bibsep=\skip56
LaTeX Info: Redefining \cite on input line 694.
\c@NAT@ctr=\count114
)
(/usr/share/texlive/texmf-dist/tex/latex/framed/framed.sty
Package: framed 2011/10/22 v 0.96: framed or shaded text with page breaks
\OuterFrameSep=\skip57
\fb@frw=\dimen123
\fb@frh=\dimen124
\FrameRule=\dimen125
\FrameSep=\dimen126
)
(/usr/share/texlive/texmf-dist/tex/latex/float/float.sty
Package: float 2001/11/08 v1.3d Float enhancements (AL)
\c@float@type=\count115
\float@exts=\toks27
\float@box=\box29
\@float@everytoks=\toks28
\@floatcapt=\box30
)
(/usr/share/texlive/texmf-dist/tex/latex/colortbl/colortbl.sty
Package: colortbl 2012/02/13 v1.0a Color table columns (DPC)

(/usr/share/texlive/texmf-dist/tex/latex/tools/array.sty
Package: array 2014/10/28 v2.4c Tabular extension package (FMi)
\col@sep=\dimen127
\extrarowheight=\dimen128
\NC@list=\toks29
\extratabsurround=\skip58
\backup@length=\skip59
)
(/usr/share/texlive/texmf-dist/tex/latex/graphics/color.sty
Package: color 2016/01/03 v1.1b Standard LaTeX Color (DPC)

(/usr/share/texlive/texmf-dist/tex/latex/latexconfig/color.cfg
File: color.cfg 2007/01/18 v1.5 color configuration of teTeX/TeXLive
)
Package color Info: Driver file: pdftex.def on input line 143.
)
\everycr=\toks30
\minrowclearance=\skip60
)
\c@mlseries=\count116
\c@mlalgorithm=\count117
\c@theorem=\count118
\c@remark=\count119
\c@definition=\count120
\c@example=\count121
\c@exercise=\count122
\@float@every@mlalgo=\toks31
\c@mlalgo=\count123
)
\c@mlanswer=\count124
)
(/usr/share/texlive/texmf-dist/tex/latex/caption/subcaption.sty
Package: subcaption 2016/02/20 v1.1-142 Sub-captions (AR)

(/usr/share/texlive/texmf-dist/tex/latex/caption/caption.sty
Package: caption 2016/02/21 v3.3-144 Customizing captions (AR)

(/usr/share/texlive/texmf-dist/tex/latex/caption/caption3.sty
Package: caption3 2016/02/04 v1.7-139 caption3 kernel (AR)
Package caption3 Info: TeX engine: e-TeX on input line 67.
\captionmargin=\dimen129
\captionmargin@=\dimen130
\captionwidth=\dimen131
\caption@tempdima=\dimen132
\caption@indent=\dimen133
\caption@parindent=\dimen134
\caption@hangindent=\dimen135
)
\c@ContinuedFloat=\count125
Package caption Info: float package is loaded.
Package caption Info: hyperref package is loaded.
)
\c@subfigure=\count126
\c@subtable=\count127
) (./hw4sol.aux)
\openout1 = `hw4sol.aux'.

LaTeX Font Info:    Checking defaults for OML/cmm/m/it on input line 7.
LaTeX Font Info:    ... okay on input line 7.
LaTeX Font Info:    Checking defaults for T1/cmr/m/n on input line 7.
LaTeX Font Info:    ... okay on input line 7.
LaTeX Font Info:    Checking defaults for OT1/cmr/m/n on input line 7.
LaTeX Font Info:    ... okay on input line 7.
LaTeX Font Info:    Checking defaults for OMS/cmsy/m/n on input line 7.
LaTeX Font Info:    ... okay on input line 7.
LaTeX Font Info:    Checking defaults for OMX/cmex/m/n on input line 7.
LaTeX Font Info:    ... okay on input line 7.
LaTeX Font Info:    Checking defaults for U/cmr/m/n on input line 7.
LaTeX Font Info:    ... okay on input line 7.
LaTeX Font Info:    Checking defaults for PD1/pdf/m/n on input line 7.
LaTeX Font Info:    ... okay on input line 7.
(/usr/share/texlive/texmf-dist/tex/context/base/supp-pdf.mkii
[Loading MPS to PDF converter (version 2006.09.02).]
\scratchcounter=\count128
\scratchdimen=\dimen136
\scratchbox=\box31
\nofMPsegments=\count129
\nofMParguments=\count130
\everyMPshowfont=\toks32
\MPscratchCnt=\count131
\MPscratchDim=\dimen137
\MPnumerator=\count132
\makeMPintoPDFobject=\count133
\everyMPtoPDFconversion=\toks33
) (/usr/share/texlive/texmf-dist/tex/latex/oberdiek/epstopdf-base.sty
Package: epstopdf-base 2010/02/09 v2.5 Base part for package epstopdf

(/usr/share/texlive/texmf-dist/tex/latex/oberdiek/grfext.sty
Package: grfext 2010/08/19 v1.1 Manage graphics extensions (HO)
)
Package grfext Info: Graphics extension search list:
(grfext)             [.png,.pdf,.jpg,.mps,.jpeg,.jbig2,.jb2,.PNG,.PDF,.JPG,.JPE
G,.JBIG2,.JB2,.eps]
(grfext)             \AppendGraphicsExtensions on input line 452.

(/usr/share/texlive/texmf-dist/tex/latex/latexconfig/epstopdf-sys.cfg
File: epstopdf-sys.cfg 2010/07/13 v1.3 Configuration of (r)epstopdf for TeX Liv
e
))
\AtBeginShipoutBox=\box32
Package hyperref Info: Link coloring OFF on input line 7.

(/usr/share/texlive/texmf-dist/tex/latex/hyperref/nameref.sty
Package: nameref 2012/10/27 v2.43 Cross-referencing by name of section

(/usr/share/texlive/texmf-dist/tex/generic/oberdiek/gettitlestring.sty
Package: gettitlestring 2010/12/03 v1.4 Cleanup title references (HO)
)
\c@section@level=\count134
)
LaTeX Info: Redefining \ref on input line 7.
LaTeX Info: Redefining \pageref on input line 7.
LaTeX Info: Redefining \nameref on input line 7.

(./hw4sol.out) (./hw4sol.out)
\@outlinefile=\write3
\openout3 = `hw4sol.out'.

Package caption Info: Begin \AtBeginDocument code.
Package caption Info: End \AtBeginDocument code.
LaTeX Font Info:    Try loading font information for U+msa on input line 13.

(/usr/share/texlive/texmf-dist/tex/latex/amsfonts/umsa.fd
File: umsa.fd 2013/01/14 v3.01 AMS symbols A
)
LaTeX Font Info:    Try loading font information for U+msb on input line 13.

(/usr/share/texlive/texmf-dist/tex/latex/amsfonts/umsb.fd
File: umsb.fd 2013/01/14 v3.01 AMS symbols B
)
LaTeX Font Info:    Try loading font information for U+stmry on input line 13.

(/usr/share/texlive/texmf-dist/tex/latex/stmaryrd/Ustmry.fd) [1

{/var/lib/texmf/fonts/map/pdftex/updmap/pdftex.map}] [2

]
LaTeX Font Info:    Try loading font information for OMS+cmr on input line 77.

(/usr/share/texlive/texmf-dist/tex/latex/base/omscmr.fd
File: omscmr.fd 2014/09/29 v2.5h Standard LaTeX font definitions
)
LaTeX Font Info:    Font shape `OMS/cmr/m/n' in size <10.95> not available
(Font)              Font shape `OMS/cmsy/m/n' tried instead on input line 77.
 [3

] [4

] [5]
<images/img_k_10.png, id=77, 867.24pt x 361.35pt>
File: images/img_k_10.png Graphic file (type png)
 <use images/img_k_10.png>
Package pdftex.def Info: images/img_k_10.png used on input line 158.
(pdftex.def)             Requested size: 407.66902pt x 181.18182pt.

<images/template_weights_k_10.png, id=79, 867.24pt x 361.35pt>
File: images/template_weights_k_10.png Graphic file (type png)

<use images/template_weights_k_10.png>
Package pdftex.def Info: images/template_weights_k_10.png used on input line 16
3.
(pdftex.def)             Requested size: 407.66902pt x 181.18182pt.

<images/img_k_20.png, id=80, 867.24pt x 361.35pt>
File: images/img_k_20.png Graphic file (type png)
 <use images/img_k_20.png>
Package pdftex.def Info: images/img_k_20.png used on input line 170.
(pdftex.def)             Requested size: 407.66902pt x 181.18182pt.

<images/template_weights_k_20.png, id=81, 867.24pt x 361.35pt>
File: images/template_weights_k_20.png Graphic file (type png)

<use images/template_weights_k_20.png>
Package pdftex.def Info: images/template_weights_k_20.png used on input line 17
5.
(pdftex.def)             Requested size: 407.66902pt x 181.18182pt.

<images/img_k_30.png, id=82, 867.24pt x 361.35pt>
File: images/img_k_30.png Graphic file (type png)
 <use images/img_k_30.png>
Package pdftex.def Info: images/img_k_30.png used on input line 181.
(pdftex.def)             Requested size: 407.66902pt x 181.18182pt.

<images/template_weights_k_30.png, id=83, 867.24pt x 361.35pt>
File: images/template_weights_k_30.png Graphic file (type png)

<use images/template_weights_k_30.png>
Package pdftex.def Info: images/template_weights_k_30.png used on input line 18
6.
(pdftex.def)             Requested size: 407.66902pt x 181.18182pt.

<images/img_k_40.png, id=84, 867.24pt x 361.35pt>
File: images/img_k_40.png Graphic file (type png)
 <use images/img_k_40.png>
Package pdftex.def Info: images/img_k_40.png used on input line 192.
(pdftex.def)             Requested size: 407.66902pt x 181.18182pt.

<images/template_weights_k_40.png, id=85, 867.24pt x 361.35pt>
File: images/template_weights_k_40.png Graphic file (type png)

<use images/template_weights_k_40.png>
Package pdftex.def Info: images/template_weights_k_40.png used on input line 19
7.
(pdftex.def)             Requested size: 407.66902pt x 181.18182pt.

<images/img_k_50.png, id=86, 867.24pt x 361.35pt>
File: images/img_k_50.png Graphic file (type png)
 <use images/img_k_50.png>
Package pdftex.def Info: images/img_k_50.png used on input line 203.
(pdftex.def)             Requested size: 407.66902pt x 181.18182pt.

<images/template_weights_k_50.png, id=87, 867.24pt x 361.35pt>
File: images/template_weights_k_50.png Graphic file (type png)

<use images/template_weights_k_50.png>
Package pdftex.def Info: images/template_weights_k_50.png used on input line 20
8.
(pdftex.def)             Requested size: 407.66902pt x 181.18182pt.

<images/img_k_100.png, id=88, 867.24pt x 361.35pt>
File: images/img_k_100.png Graphic file (type png)
 <use images/img_k_100.png>
Package pdftex.def Info: images/img_k_100.png used on input line 214.
(pdftex.def)             Requested size: 407.66902pt x 181.18182pt.

<images/template_weights_k_100.png, id=89, 867.24pt x 361.35pt>
File: images/template_weights_k_100.png Graphic file (type png)

<use images/template_weights_k_100.png>
Package pdftex.def Info: images/template_weights_k_100.png used on input line 2
19.
(pdftex.def)             Requested size: 407.66902pt x 181.18182pt.
 [6

 <./images/img_k_10.png>] [7 <./images/template_weights_k_10.png> <./images/img
_k_20.png> <./images/template_weights_k_20.png>] [8 <./images/img_k_30.png> <./
images/template_weights_k_30.png> <./images/img_k_40.png>] [9 <./images/templat
e_weights_k_40.png> <./images/img_k_50.png> <./images/template_weights_k_50.png
>] [10 <./images/img_k_100.png> <./images/template_weights_k_100.png>]
<PCA_round1_kMeans.png, id=136, 1084.05pt x 722.7pt>
File: PCA_round1_kMeans.png Graphic file (type png)

<use PCA_round1_kMeans.png>
Package pdftex.def Info: PCA_round1_kMeans.png used on input line 238.
(pdftex.def)             Requested size: 249.13371pt x 166.08516pt.

Overfull \hbox (22.64977pt too wide) in paragraph at lines 238--239
 [][] 
 []

<PCA_round2_kMeans.png, id=137, 1084.05pt x 722.7pt>
File: PCA_round2_kMeans.png Graphic file (type png)

<use PCA_round2_kMeans.png>
Package pdftex.def Info: PCA_round2_kMeans.png used on input line 244.
(pdftex.def)             Requested size: 249.13371pt x 166.08516pt.

Overfull \hbox (22.64977pt too wide) in paragraph at lines 244--245
 [][] 
 []

<PCA_round3_kMeans.png, id=138, 1084.05pt x 722.7pt>
File: PCA_round3_kMeans.png Graphic file (type png)

<use PCA_round3_kMeans.png>
Package pdftex.def Info: PCA_round3_kMeans.png used on input line 253.
(pdftex.def)             Requested size: 249.13371pt x 166.08516pt.

Overfull \hbox (22.64977pt too wide) in paragraph at lines 253--254
 [][] 
 []

<PCA_round4_kMeans.png, id=139, 1084.05pt x 722.7pt>
File: PCA_round4_kMeans.png Graphic file (type png)

<use PCA_round4_kMeans.png>
Package pdftex.def Info: PCA_round4_kMeans.png used on input line 259.
(pdftex.def)             Requested size: 249.13371pt x 166.08516pt.

Overfull \hbox (22.64977pt too wide) in paragraph at lines 259--260
 [][] 
 []

<PCA_round5_kMeans.png, id=140, 1084.05pt x 722.7pt>
File: PCA_round5_kMeans.png Graphic file (type png)

<use PCA_round5_kMeans.png>
Package pdftex.def Info: PCA_round5_kMeans.png used on input line 268.
(pdftex.def)             Requested size: 249.13371pt x 166.08516pt.

Overfull \hbox (22.64977pt too wide) in paragraph at lines 268--269
 [][] 
 []

<PCA_round6_kMeans.png, id=141, 1084.05pt x 722.7pt>
File: PCA_round6_kMeans.png Graphic file (type png)

<use PCA_round6_kMeans.png>
Package pdftex.def Info: PCA_round6_kMeans.png used on input line 274.
(pdftex.def)             Requested size: 249.13371pt x 166.08516pt.

Overfull \hbox (22.64977pt too wide) in paragraph at lines 274--275
 [][] 
 []

<PCA_round7_kMeans.png, id=142, 1084.05pt x 722.7pt>
File: PCA_round7_kMeans.png Graphic file (type png)

<use PCA_round7_kMeans.png>
Package pdftex.def Info: PCA_round7_kMeans.png used on input line 283.
(pdftex.def)             Requested size: 249.13371pt x 166.08516pt.

Overfull \hbox (22.64977pt too wide) in paragraph at lines 283--284
 [][] 
 []

<PCA_round8_kMeans.png, id=143, 1084.05pt x 722.7pt>
File: PCA_round8_kMeans.png Graphic file (type png)

<use PCA_round8_kMeans.png>
Package pdftex.def Info: PCA_round8_kMeans.png used on input line 289.
(pdftex.def)             Requested size: 249.13371pt x 166.08516pt.

Overfull \hbox (22.64977pt too wide) in paragraph at lines 289--290
 [][] 
 []

<PCA_round9_kMeans.png, id=144, 1084.05pt x 722.7pt>
File: PCA_round9_kMeans.png Graphic file (type png)

<use PCA_round9_kMeans.png>
Package pdftex.def Info: PCA_round9_kMeans.png used on input line 298.
(pdftex.def)             Requested size: 249.13371pt x 166.08516pt.

Overfull \hbox (22.64977pt too wide) in paragraph at lines 298--299
 [][] 
 []

<PCA_round10_kMeans.png, id=145, 1084.05pt x 722.7pt>
File: PCA_round10_kMeans.png Graphic file (type png)

<use PCA_round10_kMeans.png>
Package pdftex.def Info: PCA_round10_kMeans.png used on input line 304.
(pdftex.def)             Requested size: 249.13371pt x 166.08516pt.

Overfull \hbox (22.64977pt too wide) in paragraph at lines 304--305
 [][] 
 []

[11 <./PCA_round1_kMeans.png> <./PCA_round2_kMeans.png> <./PCA_round3_kMeans.pn
g> <./PCA_round4_kMeans.png>] [12 <./PCA_round5_kMeans.png> <./PCA_round6_kMean
s.png> <./PCA_round7_kMeans.png> <./PCA_round8_kMeans.png> <./PCA_round9_kMeans
.png> <./PCA_round10_kMeans.png>]
<tSNE_round1_kMeans.png, id=169, 1084.05pt x 722.7pt>
File: tSNE_round1_kMeans.png Graphic file (type png)

<use tSNE_round1_kMeans.png>
Package pdftex.def Info: tSNE_round1_kMeans.png used on input line 317.
(pdftex.def)             Requested size: 249.13371pt x 166.08516pt.

Overfull \hbox (22.64977pt too wide) in paragraph at lines 317--318
 [][] 
 []

<tSNE_round2_kMeans.png, id=170, 1084.05pt x 722.7pt>
File: tSNE_round2_kMeans.png Graphic file (type png)

<use tSNE_round2_kMeans.png>
Package pdftex.def Info: tSNE_round2_kMeans.png used on input line 323.
(pdftex.def)             Requested size: 249.13371pt x 166.08516pt.

Overfull \hbox (22.64977pt too wide) in paragraph at lines 323--324
 [][] 
 []

<tSNE_round3_kMeans.png, id=171, 1084.05pt x 722.7pt>
File: tSNE_round3_kMeans.png Graphic file (type png)

<use tSNE_round3_kMeans.png>
Package pdftex.def Info: tSNE_round3_kMeans.png used on input line 332.
(pdftex.def)             Requested size: 249.13371pt x 166.08516pt.

Overfull \hbox (22.64977pt too wide) in paragraph at lines 332--333
 [][] 
 []

<tSNE_round4_kMeans.png, id=172, 1084.05pt x 722.7pt>
File: tSNE_round4_kMeans.png Graphic file (type png)

<use tSNE_round4_kMeans.png>
Package pdftex.def Info: tSNE_round4_kMeans.png used on input line 338.
(pdftex.def)             Requested size: 249.13371pt x 166.08516pt.

Overfull \hbox (22.64977pt too wide) in paragraph at lines 338--339
 [][] 
 []

<tSNE_round5_kMeans.png, id=173, 1084.05pt x 722.7pt>
File: tSNE_round5_kMeans.png Graphic file (type png)

<use tSNE_round5_kMeans.png>
Package pdftex.def Info: tSNE_round5_kMeans.png used on input line 347.
(pdftex.def)             Requested size: 249.13371pt x 166.08516pt.

Overfull \hbox (22.64977pt too wide) in paragraph at lines 347--348
 [][] 
 []

<tSNE_round6_kMeans.png, id=174, 1084.05pt x 722.7pt>
File: tSNE_round6_kMeans.png Graphic file (type png)

<use tSNE_round6_kMeans.png>
Package pdftex.def Info: tSNE_round6_kMeans.png used on input line 353.
(pdftex.def)             Requested size: 249.13371pt x 166.08516pt.

Overfull \hbox (22.64977pt too wide) in paragraph at lines 353--354
 [][] 
 []

<tSNE_round7_kMeans.png, id=175, 1084.05pt x 722.7pt>
File: tSNE_round7_kMeans.png Graphic file (type png)

<use tSNE_round7_kMeans.png>
Package pdftex.def Info: tSNE_round7_kMeans.png used on input line 362.
(pdftex.def)             Requested size: 249.13371pt x 166.08516pt.

Overfull \hbox (22.64977pt too wide) in paragraph at lines 362--363
 [][] 
 []

<tSNE_round8_kMeans.png, id=176, 1084.05pt x 722.7pt>
File: tSNE_round8_kMeans.png Graphic file (type png)

<use tSNE_round8_kMeans.png>
Package pdftex.def Info: tSNE_round8_kMeans.png used on input line 368.
(pdftex.def)             Requested size: 249.13371pt x 166.08516pt.

Overfull \hbox (22.64977pt too wide) in paragraph at lines 368--369
 [][] 
 []

<tSNE_round9_kMeans.png, id=177, 1084.05pt x 722.7pt>
File: tSNE_round9_kMeans.png Graphic file (type png)

<use tSNE_round9_kMeans.png>
Package pdftex.def Info: tSNE_round9_kMeans.png used on input line 377.
(pdftex.def)             Requested size: 249.13371pt x 166.08516pt.

Overfull \hbox (22.64977pt too wide) in paragraph at lines 377--378
 [][] 
 []

<tSNE_round10_kMeans.png, id=178, 1084.05pt x 722.7pt>
File: tSNE_round10_kMeans.png Graphic file (type png)

<use tSNE_round10_kMeans.png>
Package pdftex.def Info: tSNE_round10_kMeans.png used on input line 383.
(pdftex.def)             Requested size: 249.13371pt x 166.08516pt.

Overfull \hbox (22.64977pt too wide) in paragraph at lines 383--384
 [][] 
 []

[13 <./tSNE_round1_kMeans.png> <./tSNE_round2_kMeans.png> <./tSNE_round3_kMeans
.png> <./tSNE_round4_kMeans.png> <./tSNE_round5_kMeans.png> <./tSNE_round6_kMea
ns.png>] [14 <./tSNE_round7_kMeans.png> <./tSNE_round8_kMeans.png> <./tSNE_roun
d9_kMeans.png> <./tSNE_round10_kMeans.png>]
Package atveryend Info: Empty hook `BeforeClearDocument' on input line 393.
Package atveryend Info: Empty hook `AfterLastShipout' on input line 393.
 (./hw4sol.aux)
Package atveryend Info: Executing hook `AtVeryEndDocument' on input line 393.
Package atveryend Info: Executing hook `AtEndAfterFileList' on input line 393.
Package rerunfilecheck Info: File `hw4sol.out' has not changed.
(rerunfilecheck)             Checksum: 7111A059F3D83CB86034498B41D6A567;535.
Package atveryend Info: Empty hook `AtVeryVeryEnd' on input line 393.
 ) 
Here is how much of TeX's memory you used:
 8867 strings out of 493029
 127906 string characters out of 6136233
 224450 words of memory out of 5000000
 12191 multiletter control sequences out of 15000+600000
 11669 words of font info for 44 fonts, out of 8000000 for 9000
 1141 hyphenation exceptions out of 8191
 48i,9n,40p,1094b,567s stack positions out of 5000i,500n,10000p,200000b,80000s
</usr/share/texlive/texmf-dist/fonts/type1/public/amsfonts/cm/cmbx10.pfb></us
r/share/texlive/texmf-dist/fonts/type1/public/amsfonts/cm/cmex10.pfb></usr/shar
e/texlive/texmf-dist/fonts/type1/public/amsfonts/cm/cmmi10.pfb></usr/share/texl
ive/texmf-dist/fonts/type1/public/amsfonts/cm/cmmi6.pfb></usr/share/texlive/tex
mf-dist/fonts/type1/public/amsfonts/cm/cmmi8.pfb></usr/share/texlive/texmf-dist
/fonts/type1/public/amsfonts/cm/cmr10.pfb></usr/share/texlive/texmf-dist/fonts/
type1/public/amsfonts/cm/cmr8.pfb></usr/share/texlive/texmf-dist/fonts/type1/pu
blic/amsfonts/cm/cmss10.pfb></usr/share/texlive/texmf-dist/fonts/type1/public/a
msfonts/cm/cmssbx10.pfb></usr/share/texlive/texmf-dist/fonts/type1/public/amsfo
nts/cm/cmsy10.pfb></usr/share/texlive/texmf-dist/fonts/type1/public/amsfonts/cm
/cmsy8.pfb></usr/share/texlive/texmf-dist/fonts/type1/public/amsfonts/cm/cmti10
.pfb></usr/share/texlive/texmf-dist/fonts/type1/public/amsfonts/symbols/msam10.
pfb></usr/share/texlive/texmf-dist/fonts/type1/public/amsfonts/symbols/msbm10.p
fb>
Output written on hw4sol.pdf (14 pages, 2741714 bytes).
PDF statistics:
 264 PDF objects out of 1000 (max. 8388607)
 168 compressed objects within 2 object streams
 55 named destinations out of 1000 (max. 500000)
 217 words of extra memory for PDF output out of 10000 (max. 10000000)

